SF:D:\cesi\RIL_2\Trimestre 1\C#\CESI-RIL-2019-master\FilPasRouge\src\Add.cs
FN:12,System.String FilPasRouge.Add::get_Name()
FNDA:1,System.String FilPasRouge.Add::get_Name()
DA:13,1
FN:14,System.String FilPasRouge.Add::get_Description()
FNDA:1,System.String FilPasRouge.Add::get_Description()
DA:15,1
FN:16,System.Void FilPasRouge.Add::Action(System.String[])
FNDA:3,System.Void FilPasRouge.Add::Action(System.String[])
DA:17,3
DA:19,5
DA:20,2
DA:21,2
DA:23,1
DA:24,1
DA:25,1
DA:26,1
DA:27,1
DA:28,1
DA:29,3
BRDA:19,5,0,2
BRDA:19,5,1,1
BRDA:19,18,0,2
BRDA:19,18,1,1
FN:8,System.Void FilPasRouge.Add::.ctor(System.IO.TextWriter)
FNDA:10,System.Void FilPasRouge.Add::.ctor(System.IO.TextWriter)
DA:9,10
DA:10,5
DA:11,5
LF:16
LH:16
BRF:4
BRH:4
FNF:4
FNH:4
end_of_record
SF:D:\cesi\RIL_2\Trimestre 1\C#\CESI-RIL-2019-master\FilPasRouge\src\Div.cs
FN:12,System.String FilPasRouge.Div::get_Name()
FNDA:1,System.String FilPasRouge.Div::get_Name()
DA:13,1
FN:14,System.String FilPasRouge.Div::get_Description()
FNDA:1,System.String FilPasRouge.Div::get_Description()
DA:15,1
FN:16,System.Void FilPasRouge.Div::Action(System.String[])
FNDA:3,System.Void FilPasRouge.Div::Action(System.String[])
DA:17,3
DA:19,5
DA:20,2
DA:21,2
DA:23,1
DA:24,1
DA:25,1
DA:26,1
DA:27,1
DA:28,1
DA:29,3
BRDA:19,5,0,2
BRDA:19,5,1,1
BRDA:19,18,0,2
BRDA:19,18,1,1
FN:8,System.Void FilPasRouge.Div::.ctor(System.IO.TextWriter)
FNDA:10,System.Void FilPasRouge.Div::.ctor(System.IO.TextWriter)
DA:9,10
DA:10,5
DA:11,5
LF:16
LH:16
BRF:4
BRH:4
FNF:4
FNH:4
end_of_record
SF:D:\cesi\RIL_2\Trimestre 1\C#\CESI-RIL-2019-master\FilPasRouge\src\Hello.cs
FN:14,System.String FilPasRouge.Hello::get_Name()
FNDA:1,System.String FilPasRouge.Hello::get_Name()
DA:15,1
FN:16,System.String FilPasRouge.Hello::get_Description()
FNDA:1,System.String FilPasRouge.Hello::get_Description()
DA:17,1
FN:19,System.Void FilPasRouge.Hello::Action(System.String[])
FNDA:1,System.Void FilPasRouge.Hello::Action(System.String[])
DA:20,1
DA:22,1
DA:23,1
FN:10,System.Void FilPasRouge.Hello::.ctor(System.IO.TextWriter)
FNDA:6,System.Void FilPasRouge.Hello::.ctor(System.IO.TextWriter)
DA:11,6
DA:12,3
DA:13,3
LF:8
LH:8
BRF:0
BRH:0
FNF:4
FNH:4
end_of_record
SF:D:\cesi\RIL_2\Trimestre 1\C#\CESI-RIL-2019-master\FilPasRouge\src\Mul.cs
FN:12,System.String FilPasRouge.Mul::get_Name()
FNDA:1,System.String FilPasRouge.Mul::get_Name()
DA:13,1
FN:14,System.String FilPasRouge.Mul::get_Description()
FNDA:1,System.String FilPasRouge.Mul::get_Description()
DA:15,1
FN:16,System.Void FilPasRouge.Mul::Action(System.String[])
FNDA:3,System.Void FilPasRouge.Mul::Action(System.String[])
DA:17,3
DA:19,5
DA:20,2
DA:21,2
DA:23,1
DA:24,1
DA:25,1
DA:26,1
DA:27,1
DA:28,1
DA:29,3
BRDA:19,5,0,2
BRDA:19,5,1,1
BRDA:19,18,0,2
BRDA:19,18,1,1
FN:8,System.Void FilPasRouge.Mul::.ctor(System.IO.TextWriter)
FNDA:10,System.Void FilPasRouge.Mul::.ctor(System.IO.TextWriter)
DA:9,10
DA:10,5
DA:11,5
LF:16
LH:16
BRF:4
BRH:4
FNF:4
FNH:4
end_of_record
SF:D:\cesi\RIL_2\Trimestre 1\C#\CESI-RIL-2019-master\FilPasRouge\src\Sub.cs
FN:12,System.String FilPasRouge.Sub::get_Name()
FNDA:1,System.String FilPasRouge.Sub::get_Name()
DA:13,1
FN:14,System.String FilPasRouge.Sub::get_Description()
FNDA:1,System.String FilPasRouge.Sub::get_Description()
DA:15,1
FN:16,System.Void FilPasRouge.Sub::Action(System.String[])
FNDA:3,System.Void FilPasRouge.Sub::Action(System.String[])
DA:17,3
DA:19,5
DA:20,2
DA:21,2
DA:23,1
DA:24,1
DA:25,1
DA:26,1
DA:27,1
DA:28,1
DA:29,3
BRDA:19,5,0,2
BRDA:19,5,1,1
BRDA:19,18,0,2
BRDA:19,18,1,1
FN:8,System.Void FilPasRouge.Sub::.ctor(System.IO.TextWriter)
FNDA:10,System.Void FilPasRouge.Sub::.ctor(System.IO.TextWriter)
DA:9,10
DA:10,5
DA:11,5
LF:16
LH:16
BRF:4
BRH:4
FNF:4
FNH:4
end_of_record